2024-11-25T14:05:40.553-05:00  INFO 19884 --- [SysPasteleriaDulcesitoFx] [JavaFX-Launcher] o.s.boot.SpringApplication               : Starting application using Java 18.0.2 with PID 19884 (started by Usuario in C:\FINdel2ciclo\SysPasteleriaDulcesitoFx)
2024-11-25T14:05:40.566-05:00  INFO 19884 --- [SysPasteleriaDulcesitoFx] [JavaFX-Launcher] o.s.boot.SpringApplication               : No active profile set, falling back to 1 default profile: "default"
2024-11-25T14:05:41.517-05:00  INFO 19884 --- [SysPasteleriaDulcesitoFx] [JavaFX-Launcher] .s.d.r.c.RepositoryConfigurationDelegate : Bootstrapping Spring Data JPA repositories in DEFAULT mode.
2024-11-25T14:05:41.637-05:00  INFO 19884 --- [SysPasteleriaDulcesitoFx] [JavaFX-Launcher] .s.d.r.c.RepositoryConfigurationDelegate : Finished Spring Data repository scanning in 111 ms. Found 15 JPA repository interfaces.
2024-11-25T14:05:42.125-05:00  INFO 19884 --- [SysPasteleriaDulcesitoFx] [JavaFX-Launcher] o.hibernate.jpa.internal.util.LogHelper  : HHH000204: Processing PersistenceUnitInfo [name: default]
2024-11-25T14:05:42.195-05:00  INFO 19884 --- [SysPasteleriaDulcesitoFx] [JavaFX-Launcher] org.hibernate.Version                    : HHH000412: Hibernate ORM core version 6.5.3.Final
2024-11-25T14:05:42.234-05:00  INFO 19884 --- [SysPasteleriaDulcesitoFx] [JavaFX-Launcher] o.h.c.internal.RegionFactoryInitiator    : HHH000026: Second-level cache disabled
2024-11-25T14:05:42.664-05:00  INFO 19884 --- [SysPasteleriaDulcesitoFx] [JavaFX-Launcher] o.s.o.j.p.SpringPersistenceUnitInfo      : No LoadTimeWeaver setup: ignoring JPA class transformer
2024-11-25T14:05:42.702-05:00  INFO 19884 --- [SysPasteleriaDulcesitoFx] [JavaFX-Launcher] com.zaxxer.hikari.HikariDataSource       : HikariPool-1 - Starting...
2024-11-25T14:05:42.838-05:00  INFO 19884 --- [SysPasteleriaDulcesitoFx] [JavaFX-Launcher] com.zaxxer.hikari.pool.HikariPool        : HikariPool-1 - Added connection org.sqlite.jdbc4.JDBC4Connection@749b90f9
2024-11-25T14:05:42.839-05:00  INFO 19884 --- [SysPasteleriaDulcesitoFx] [JavaFX-Launcher] com.zaxxer.hikari.HikariDataSource       : HikariPool-1 - Start completed.
2024-11-25T14:05:45.435-05:00  INFO 19884 --- [SysPasteleriaDulcesitoFx] [JavaFX-Launcher] o.h.e.t.j.p.i.JtaPlatformInitiator       : HHH000489: No JTA platform available (set 'hibernate.transaction.jta.platform' to enable JTA platform integration)
2024-11-25T14:05:45.476-05:00  INFO 19884 --- [SysPasteleriaDulcesitoFx] [JavaFX-Launcher] j.LocalContainerEntityManagerFactoryBean : Initialized JPA EntityManagerFactory for persistence unit 'default'
2024-11-25T14:05:45.815-05:00  INFO 19884 --- [SysPasteleriaDulcesitoFx] [JavaFX-Launcher] o.s.d.j.r.query.QueryEnhancerFactory     : Hibernate is in classpath; If applicable, HQL parser will be used.
2024-11-25T14:05:46.260-05:00  INFO 19884 --- [SysPasteleriaDulcesitoFx] [JavaFX-Launcher] o.s.boot.SpringApplication               : Started application in 6.428 seconds (process running for 7.698)
2024-11-25T14:12:39.565-05:00  INFO 19884 --- [SysPasteleriaDulcesitoFx] [SpringApplicationShutdownHook] j.LocalContainerEntityManagerFactoryBean : Closing JPA EntityManagerFactory for persistence unit 'default'
2024-11-25T14:12:39.570-05:00  INFO 19884 --- [SysPasteleriaDulcesitoFx] [SpringApplicationShutdownHook] com.zaxxer.hikari.HikariDataSource       : HikariPool-1 - Shutdown initiated...
2024-11-25T14:12:39.575-05:00  INFO 19884 --- [SysPasteleriaDulcesitoFx] [SpringApplicationShutdownHook] com.zaxxer.hikari.HikariDataSource       : HikariPool-1 - Shutdown completed.
2024-11-25T14:12:46.459-05:00  INFO 13212 --- [SysPasteleriaDulcesitoFx] [JavaFX-Launcher] o.s.boot.SpringApplication               : Starting application using Java 18.0.2 with PID 13212 (started by Usuario in C:\FINdel2ciclo\SysPasteleriaDulcesitoFx)
2024-11-25T14:12:46.461-05:00  INFO 13212 --- [SysPasteleriaDulcesitoFx] [JavaFX-Launcher] o.s.boot.SpringApplication               : No active profile set, falling back to 1 default profile: "default"
2024-11-25T14:12:47.222-05:00  INFO 13212 --- [SysPasteleriaDulcesitoFx] [JavaFX-Launcher] .s.d.r.c.RepositoryConfigurationDelegate : Bootstrapping Spring Data JPA repositories in DEFAULT mode.
2024-11-25T14:12:47.320-05:00  INFO 13212 --- [SysPasteleriaDulcesitoFx] [JavaFX-Launcher] .s.d.r.c.RepositoryConfigurationDelegate : Finished Spring Data repository scanning in 91 ms. Found 15 JPA repository interfaces.
2024-11-25T14:12:47.835-05:00  INFO 13212 --- [SysPasteleriaDulcesitoFx] [JavaFX-Launcher] o.hibernate.jpa.internal.util.LogHelper  : HHH000204: Processing PersistenceUnitInfo [name: default]
2024-11-25T14:12:47.898-05:00  INFO 13212 --- [SysPasteleriaDulcesitoFx] [JavaFX-Launcher] org.hibernate.Version                    : HHH000412: Hibernate ORM core version 6.5.3.Final
2024-11-25T14:12:47.933-05:00  INFO 13212 --- [SysPasteleriaDulcesitoFx] [JavaFX-Launcher] o.h.c.internal.RegionFactoryInitiator    : HHH000026: Second-level cache disabled
2024-11-25T14:12:48.298-05:00  INFO 13212 --- [SysPasteleriaDulcesitoFx] [JavaFX-Launcher] o.s.o.j.p.SpringPersistenceUnitInfo      : No LoadTimeWeaver setup: ignoring JPA class transformer
2024-11-25T14:12:48.339-05:00  INFO 13212 --- [SysPasteleriaDulcesitoFx] [JavaFX-Launcher] com.zaxxer.hikari.HikariDataSource       : HikariPool-1 - Starting...
2024-11-25T14:12:48.469-05:00  INFO 13212 --- [SysPasteleriaDulcesitoFx] [JavaFX-Launcher] com.zaxxer.hikari.pool.HikariPool        : HikariPool-1 - Added connection org.sqlite.jdbc4.JDBC4Connection@20446a71
2024-11-25T14:12:48.471-05:00  INFO 13212 --- [SysPasteleriaDulcesitoFx] [JavaFX-Launcher] com.zaxxer.hikari.HikariDataSource       : HikariPool-1 - Start completed.
2024-11-25T14:12:49.670-05:00  INFO 13212 --- [SysPasteleriaDulcesitoFx] [JavaFX-Launcher] o.h.e.t.j.p.i.JtaPlatformInitiator       : HHH000489: No JTA platform available (set 'hibernate.transaction.jta.platform' to enable JTA platform integration)
2024-11-25T14:12:49.708-05:00  INFO 13212 --- [SysPasteleriaDulcesitoFx] [JavaFX-Launcher] j.LocalContainerEntityManagerFactoryBean : Initialized JPA EntityManagerFactory for persistence unit 'default'
2024-11-25T14:12:50.018-05:00  INFO 13212 --- [SysPasteleriaDulcesitoFx] [JavaFX-Launcher] o.s.d.j.r.query.QueryEnhancerFactory     : Hibernate is in classpath; If applicable, HQL parser will be used.
2024-11-25T14:12:50.434-05:00  INFO 13212 --- [SysPasteleriaDulcesitoFx] [JavaFX-Launcher] o.s.boot.SpringApplication               : Started application in 4.698 seconds (process running for 5.56)
2024-11-25T14:21:03.632-05:00  INFO 13212 --- [SysPasteleriaDulcesitoFx] [SpringApplicationShutdownHook] j.LocalContainerEntityManagerFactoryBean : Closing JPA EntityManagerFactory for persistence unit 'default'
2024-11-25T14:21:03.635-05:00  INFO 13212 --- [SysPasteleriaDulcesitoFx] [SpringApplicationShutdownHook] com.zaxxer.hikari.HikariDataSource       : HikariPool-1 - Shutdown initiated...
2024-11-25T14:21:03.641-05:00  INFO 13212 --- [SysPasteleriaDulcesitoFx] [SpringApplicationShutdownHook] com.zaxxer.hikari.HikariDataSource       : HikariPool-1 - Shutdown completed.
2024-11-25T14:21:10.547-05:00  INFO 12512 --- [SysPasteleriaDulcesitoFx] [JavaFX-Launcher] o.s.boot.SpringApplication               : Starting application using Java 18.0.2 with PID 12512 (started by Usuario in C:\FINdel2ciclo\SysPasteleriaDulcesitoFx)
2024-11-25T14:21:10.550-05:00  INFO 12512 --- [SysPasteleriaDulcesitoFx] [JavaFX-Launcher] o.s.boot.SpringApplication               : No active profile set, falling back to 1 default profile: "default"
2024-11-25T14:21:11.309-05:00  INFO 12512 --- [SysPasteleriaDulcesitoFx] [JavaFX-Launcher] .s.d.r.c.RepositoryConfigurationDelegate : Bootstrapping Spring Data JPA repositories in DEFAULT mode.
2024-11-25T14:21:11.417-05:00  INFO 12512 --- [SysPasteleriaDulcesitoFx] [JavaFX-Launcher] .s.d.r.c.RepositoryConfigurationDelegate : Finished Spring Data repository scanning in 99 ms. Found 15 JPA repository interfaces.
2024-11-25T14:21:11.962-05:00  INFO 12512 --- [SysPasteleriaDulcesitoFx] [JavaFX-Launcher] o.hibernate.jpa.internal.util.LogHelper  : HHH000204: Processing PersistenceUnitInfo [name: default]
2024-11-25T14:21:12.032-05:00  INFO 12512 --- [SysPasteleriaDulcesitoFx] [JavaFX-Launcher] org.hibernate.Version                    : HHH000412: Hibernate ORM core version 6.5.3.Final
2024-11-25T14:21:12.078-05:00  INFO 12512 --- [SysPasteleriaDulcesitoFx] [JavaFX-Launcher] o.h.c.internal.RegionFactoryInitiator    : HHH000026: Second-level cache disabled
2024-11-25T14:21:12.479-05:00  INFO 12512 --- [SysPasteleriaDulcesitoFx] [JavaFX-Launcher] o.s.o.j.p.SpringPersistenceUnitInfo      : No LoadTimeWeaver setup: ignoring JPA class transformer
2024-11-25T14:21:12.517-05:00  INFO 12512 --- [SysPasteleriaDulcesitoFx] [JavaFX-Launcher] com.zaxxer.hikari.HikariDataSource       : HikariPool-1 - Starting...
2024-11-25T14:21:12.646-05:00  INFO 12512 --- [SysPasteleriaDulcesitoFx] [JavaFX-Launcher] com.zaxxer.hikari.pool.HikariPool        : HikariPool-1 - Added connection org.sqlite.jdbc4.JDBC4Connection@3d8e02d3
2024-11-25T14:21:12.648-05:00  INFO 12512 --- [SysPasteleriaDulcesitoFx] [JavaFX-Launcher] com.zaxxer.hikari.HikariDataSource       : HikariPool-1 - Start completed.
2024-11-25T14:21:13.955-05:00  INFO 12512 --- [SysPasteleriaDulcesitoFx] [JavaFX-Launcher] o.h.e.t.j.p.i.JtaPlatformInitiator       : HHH000489: No JTA platform available (set 'hibernate.transaction.jta.platform' to enable JTA platform integration)
2024-11-25T14:21:13.993-05:00  INFO 12512 --- [SysPasteleriaDulcesitoFx] [JavaFX-Launcher] j.LocalContainerEntityManagerFactoryBean : Initialized JPA EntityManagerFactory for persistence unit 'default'
2024-11-25T14:21:14.324-05:00  INFO 12512 --- [SysPasteleriaDulcesitoFx] [JavaFX-Launcher] o.s.d.j.r.query.QueryEnhancerFactory     : Hibernate is in classpath; If applicable, HQL parser will be used.
2024-11-25T14:21:14.748-05:00  INFO 12512 --- [SysPasteleriaDulcesitoFx] [JavaFX-Launcher] o.s.boot.SpringApplication               : Started application in 4.992 seconds (process running for 5.891)
2024-11-25T14:29:18.347-05:00  INFO 12512 --- [SysPasteleriaDulcesitoFx] [SpringApplicationShutdownHook] j.LocalContainerEntityManagerFactoryBean : Closing JPA EntityManagerFactory for persistence unit 'default'
2024-11-25T14:29:18.351-05:00  INFO 12512 --- [SysPasteleriaDulcesitoFx] [SpringApplicationShutdownHook] com.zaxxer.hikari.HikariDataSource       : HikariPool-1 - Shutdown initiated...
2024-11-25T14:29:18.357-05:00  INFO 12512 --- [SysPasteleriaDulcesitoFx] [SpringApplicationShutdownHook] com.zaxxer.hikari.HikariDataSource       : HikariPool-1 - Shutdown completed.
2024-11-25T14:29:25.079-05:00  INFO 18556 --- [SysPasteleriaDulcesitoFx] [JavaFX-Launcher] o.s.boot.SpringApplication               : Starting application using Java 18.0.2 with PID 18556 (started by Usuario in C:\FINdel2ciclo\SysPasteleriaDulcesitoFx)
2024-11-25T14:29:25.082-05:00  INFO 18556 --- [SysPasteleriaDulcesitoFx] [JavaFX-Launcher] o.s.boot.SpringApplication               : No active profile set, falling back to 1 default profile: "default"
2024-11-25T14:29:25.816-05:00  INFO 18556 --- [SysPasteleriaDulcesitoFx] [JavaFX-Launcher] .s.d.r.c.RepositoryConfigurationDelegate : Bootstrapping Spring Data JPA repositories in DEFAULT mode.
2024-11-25T14:29:25.915-05:00  INFO 18556 --- [SysPasteleriaDulcesitoFx] [JavaFX-Launcher] .s.d.r.c.RepositoryConfigurationDelegate : Finished Spring Data repository scanning in 90 ms. Found 15 JPA repository interfaces.
2024-11-25T14:29:26.399-05:00  INFO 18556 --- [SysPasteleriaDulcesitoFx] [JavaFX-Launcher] o.hibernate.jpa.internal.util.LogHelper  : HHH000204: Processing PersistenceUnitInfo [name: default]
2024-11-25T14:29:26.452-05:00  INFO 18556 --- [SysPasteleriaDulcesitoFx] [JavaFX-Launcher] org.hibernate.Version                    : HHH000412: Hibernate ORM core version 6.5.3.Final
2024-11-25T14:29:26.488-05:00  INFO 18556 --- [SysPasteleriaDulcesitoFx] [JavaFX-Launcher] o.h.c.internal.RegionFactoryInitiator    : HHH000026: Second-level cache disabled
2024-11-25T14:29:26.850-05:00  INFO 18556 --- [SysPasteleriaDulcesitoFx] [JavaFX-Launcher] o.s.o.j.p.SpringPersistenceUnitInfo      : No LoadTimeWeaver setup: ignoring JPA class transformer
2024-11-25T14:29:26.887-05:00  INFO 18556 --- [SysPasteleriaDulcesitoFx] [JavaFX-Launcher] com.zaxxer.hikari.HikariDataSource       : HikariPool-1 - Starting...
2024-11-25T14:29:27.008-05:00  INFO 18556 --- [SysPasteleriaDulcesitoFx] [JavaFX-Launcher] com.zaxxer.hikari.pool.HikariPool        : HikariPool-1 - Added connection org.sqlite.jdbc4.JDBC4Connection@20446a71
2024-11-25T14:29:27.010-05:00  INFO 18556 --- [SysPasteleriaDulcesitoFx] [JavaFX-Launcher] com.zaxxer.hikari.HikariDataSource       : HikariPool-1 - Start completed.
2024-11-25T14:29:28.229-05:00  INFO 18556 --- [SysPasteleriaDulcesitoFx] [JavaFX-Launcher] o.h.e.t.j.p.i.JtaPlatformInitiator       : HHH000489: No JTA platform available (set 'hibernate.transaction.jta.platform' to enable JTA platform integration)
2024-11-25T14:29:28.271-05:00  INFO 18556 --- [SysPasteleriaDulcesitoFx] [JavaFX-Launcher] j.LocalContainerEntityManagerFactoryBean : Initialized JPA EntityManagerFactory for persistence unit 'default'
2024-11-25T14:29:28.590-05:00  INFO 18556 --- [SysPasteleriaDulcesitoFx] [JavaFX-Launcher] o.s.d.j.r.query.QueryEnhancerFactory     : Hibernate is in classpath; If applicable, HQL parser will be used.
2024-11-25T14:29:28.997-05:00  INFO 18556 --- [SysPasteleriaDulcesitoFx] [JavaFX-Launcher] o.s.boot.SpringApplication               : Started application in 4.575 seconds (process running for 5.349)
2024-11-25T14:32:21.342-05:00  INFO 18556 --- [SysPasteleriaDulcesitoFx] [SpringApplicationShutdownHook] j.LocalContainerEntityManagerFactoryBean : Closing JPA EntityManagerFactory for persistence unit 'default'
2024-11-25T14:32:21.347-05:00  INFO 18556 --- [SysPasteleriaDulcesitoFx] [SpringApplicationShutdownHook] com.zaxxer.hikari.HikariDataSource       : HikariPool-1 - Shutdown initiated...
2024-11-25T14:32:21.352-05:00  INFO 18556 --- [SysPasteleriaDulcesitoFx] [SpringApplicationShutdownHook] com.zaxxer.hikari.HikariDataSource       : HikariPool-1 - Shutdown completed.
2024-11-25T14:32:27.970-05:00  INFO 20700 --- [SysPasteleriaDulcesitoFx] [JavaFX-Launcher] o.s.boot.SpringApplication               : Starting application using Java 18.0.2 with PID 20700 (started by Usuario in C:\FINdel2ciclo\SysPasteleriaDulcesitoFx)
2024-11-25T14:32:27.973-05:00  INFO 20700 --- [SysPasteleriaDulcesitoFx] [JavaFX-Launcher] o.s.boot.SpringApplication               : No active profile set, falling back to 1 default profile: "default"
2024-11-25T14:32:28.668-05:00  INFO 20700 --- [SysPasteleriaDulcesitoFx] [JavaFX-Launcher] .s.d.r.c.RepositoryConfigurationDelegate : Bootstrapping Spring Data JPA repositories in DEFAULT mode.
2024-11-25T14:32:28.775-05:00  INFO 20700 --- [SysPasteleriaDulcesitoFx] [JavaFX-Launcher] .s.d.r.c.RepositoryConfigurationDelegate : Finished Spring Data repository scanning in 97 ms. Found 15 JPA repository interfaces.
2024-11-25T14:32:29.232-05:00  INFO 20700 --- [SysPasteleriaDulcesitoFx] [JavaFX-Launcher] o.hibernate.jpa.internal.util.LogHelper  : HHH000204: Processing PersistenceUnitInfo [name: default]
2024-11-25T14:32:29.287-05:00  INFO 20700 --- [SysPasteleriaDulcesitoFx] [JavaFX-Launcher] org.hibernate.Version                    : HHH000412: Hibernate ORM core version 6.5.3.Final
2024-11-25T14:32:29.322-05:00  INFO 20700 --- [SysPasteleriaDulcesitoFx] [JavaFX-Launcher] o.h.c.internal.RegionFactoryInitiator    : HHH000026: Second-level cache disabled
2024-11-25T14:32:29.695-05:00  INFO 20700 --- [SysPasteleriaDulcesitoFx] [JavaFX-Launcher] o.s.o.j.p.SpringPersistenceUnitInfo      : No LoadTimeWeaver setup: ignoring JPA class transformer
2024-11-25T14:32:29.729-05:00  INFO 20700 --- [SysPasteleriaDulcesitoFx] [JavaFX-Launcher] com.zaxxer.hikari.HikariDataSource       : HikariPool-1 - Starting...
2024-11-25T14:32:29.868-05:00  INFO 20700 --- [SysPasteleriaDulcesitoFx] [JavaFX-Launcher] com.zaxxer.hikari.pool.HikariPool        : HikariPool-1 - Added connection org.sqlite.jdbc4.JDBC4Connection@55dd4f5e
2024-11-25T14:32:29.870-05:00  INFO 20700 --- [SysPasteleriaDulcesitoFx] [JavaFX-Launcher] com.zaxxer.hikari.HikariDataSource       : HikariPool-1 - Start completed.
2024-11-25T14:32:31.090-05:00  INFO 20700 --- [SysPasteleriaDulcesitoFx] [JavaFX-Launcher] o.h.e.t.j.p.i.JtaPlatformInitiator       : HHH000489: No JTA platform available (set 'hibernate.transaction.jta.platform' to enable JTA platform integration)
2024-11-25T14:32:31.129-05:00  INFO 20700 --- [SysPasteleriaDulcesitoFx] [JavaFX-Launcher] j.LocalContainerEntityManagerFactoryBean : Initialized JPA EntityManagerFactory for persistence unit 'default'
2024-11-25T14:32:31.435-05:00  INFO 20700 --- [SysPasteleriaDulcesitoFx] [JavaFX-Launcher] o.s.d.j.r.query.QueryEnhancerFactory     : Hibernate is in classpath; If applicable, HQL parser will be used.
2024-11-25T14:32:31.837-05:00  INFO 20700 --- [SysPasteleriaDulcesitoFx] [JavaFX-Launcher] o.s.boot.SpringApplication               : Started application in 4.547 seconds (process running for 5.294)
2024-11-25T14:49:44.780-05:00  INFO 20700 --- [SysPasteleriaDulcesitoFx] [SpringApplicationShutdownHook] j.LocalContainerEntityManagerFactoryBean : Closing JPA EntityManagerFactory for persistence unit 'default'
2024-11-25T14:49:44.783-05:00  INFO 20700 --- [SysPasteleriaDulcesitoFx] [SpringApplicationShutdownHook] com.zaxxer.hikari.HikariDataSource       : HikariPool-1 - Shutdown initiated...
2024-11-25T14:49:44.788-05:00  INFO 20700 --- [SysPasteleriaDulcesitoFx] [SpringApplicationShutdownHook] com.zaxxer.hikari.HikariDataSource       : HikariPool-1 - Shutdown completed.
2024-11-25T20:25:18.975-05:00  INFO 9616 --- [SysPasteleriaDulcesitoFx] [JavaFX-Launcher] o.s.boot.SpringApplication               : Starting application using Java 18.0.2 with PID 9616 (started by Usuario in C:\FINdel2ciclo\SysTecnologyMimundoFx)
2024-11-25T20:25:18.979-05:00  INFO 9616 --- [SysPasteleriaDulcesitoFx] [JavaFX-Launcher] o.s.boot.SpringApplication               : No active profile set, falling back to 1 default profile: "default"
2024-11-25T20:25:19.999-05:00  INFO 9616 --- [SysPasteleriaDulcesitoFx] [JavaFX-Launcher] .s.d.r.c.RepositoryConfigurationDelegate : Bootstrapping Spring Data JPA repositories in DEFAULT mode.
2024-11-25T20:25:20.104-05:00  INFO 9616 --- [SysPasteleriaDulcesitoFx] [JavaFX-Launcher] .s.d.r.c.RepositoryConfigurationDelegate : Finished Spring Data repository scanning in 97 ms. Found 15 JPA repository interfaces.
2024-11-25T20:25:20.763-05:00  INFO 9616 --- [SysPasteleriaDulcesitoFx] [JavaFX-Launcher] o.hibernate.jpa.internal.util.LogHelper  : HHH000204: Processing PersistenceUnitInfo [name: default]
2024-11-25T20:25:20.826-05:00  INFO 9616 --- [SysPasteleriaDulcesitoFx] [JavaFX-Launcher] org.hibernate.Version                    : HHH000412: Hibernate ORM core version 6.5.3.Final
2024-11-25T20:25:20.863-05:00  INFO 9616 --- [SysPasteleriaDulcesitoFx] [JavaFX-Launcher] o.h.c.internal.RegionFactoryInitiator    : HHH000026: Second-level cache disabled
2024-11-25T20:25:21.259-05:00  INFO 9616 --- [SysPasteleriaDulcesitoFx] [JavaFX-Launcher] o.s.o.j.p.SpringPersistenceUnitInfo      : No LoadTimeWeaver setup: ignoring JPA class transformer
2024-11-25T20:25:21.293-05:00  INFO 9616 --- [SysPasteleriaDulcesitoFx] [JavaFX-Launcher] com.zaxxer.hikari.HikariDataSource       : HikariPool-1 - Starting...
2024-11-25T20:25:21.427-05:00  INFO 9616 --- [SysPasteleriaDulcesitoFx] [JavaFX-Launcher] com.zaxxer.hikari.pool.HikariPool        : HikariPool-1 - Added connection org.sqlite.jdbc4.JDBC4Connection@c587e5f
2024-11-25T20:25:21.430-05:00  INFO 9616 --- [SysPasteleriaDulcesitoFx] [JavaFX-Launcher] com.zaxxer.hikari.HikariDataSource       : HikariPool-1 - Start completed.
2024-11-25T20:25:22.791-05:00  INFO 9616 --- [SysPasteleriaDulcesitoFx] [JavaFX-Launcher] o.h.e.t.j.p.i.JtaPlatformInitiator       : HHH000489: No JTA platform available (set 'hibernate.transaction.jta.platform' to enable JTA platform integration)
2024-11-25T20:25:22.833-05:00  INFO 9616 --- [SysPasteleriaDulcesitoFx] [JavaFX-Launcher] j.LocalContainerEntityManagerFactoryBean : Initialized JPA EntityManagerFactory for persistence unit 'default'
2024-11-25T20:25:23.248-05:00  INFO 9616 --- [SysPasteleriaDulcesitoFx] [JavaFX-Launcher] o.s.d.j.r.query.QueryEnhancerFactory     : Hibernate is in classpath; If applicable, HQL parser will be used.
2024-11-25T20:25:24.106-05:00  INFO 9616 --- [SysPasteleriaDulcesitoFx] [JavaFX-Launcher] o.s.boot.SpringApplication               : Started application in 5.887 seconds (process running for 6.803)
2024-11-25T20:25:51.728-05:00  WARN 9616 --- [SysPasteleriaDulcesitoFx] [JavaFX Application Thread] javafx.css                               : CSS Error parsing '*{-fx-background-color: #c6a76e5; -fx-border-color: #D35400;}: Invalid color specification while parsing '-fx-background-color' at [1,24]
2024-11-25T20:25:51.730-05:00  WARN 9616 --- [SysPasteleriaDulcesitoFx] [JavaFX Application Thread] javafx.css                               : CSS Error parsing '*{-fx-background-color: #FCF3C#fffF; -fx-border-color: #AF60#8e8c901A;}: Invalid color specification while parsing '-fx-background-color' at [1,24]
2024-11-25T20:25:51.730-05:00  WARN 9616 --- [SysPasteleriaDulcesitoFx] [JavaFX Application Thread] javafx.css                               : CSS Error parsing '*{-fx-background-color: #FCF3C#fffF; -fx-border-color: #8e8c90;}: Invalid color specification while parsing '-fx-background-color' at [1,24]
2024-11-25T20:25:51.731-05:00  WARN 9616 --- [SysPasteleriaDulcesitoFx] [JavaFX Application Thread] javafx.css                               : CSS Error parsing '*{-fx-background-color: #F#fffCF3CF; -fx-border-color: #8e8c90;}: Invalid color specification while parsing '-fx-background-color' at [1,24]
2024-11-25T20:26:06.729-05:00  WARN 9616 --- [SysPasteleriaDulcesitoFx] [JavaFX Application Thread] javafx.css                               : CSS Error parsing '*{-fx-background-color: ; -fx-background-color: ; -fx-text-fill: #ffffff;}: Unexpected token ';' at [1,24]
2024-11-25T20:26:41.974-05:00  INFO 9616 --- [SysPasteleriaDulcesitoFx] [JavaFX Application Thread] j.LocalContainerEntityManagerFactoryBean : Closing JPA EntityManagerFactory for persistence unit 'default'
2024-11-25T20:26:41.983-05:00  INFO 9616 --- [SysPasteleriaDulcesitoFx] [JavaFX Application Thread] com.zaxxer.hikari.HikariDataSource       : HikariPool-1 - Shutdown initiated...
2024-11-25T20:26:41.990-05:00  INFO 9616 --- [SysPasteleriaDulcesitoFx] [JavaFX Application Thread] com.zaxxer.hikari.HikariDataSource       : HikariPool-1 - Shutdown completed.
